------------------------------------------------------------------------------------------------------------------------

[2018-10-22 09:40:23 #1 store] 
Database 'C:\Users\iñigo\OneDrive\Workspace\RuralHouse-2017Int\landetxeak2.temp' has been recovered (tr. 117-134)

[2018-10-22 09:40:23 #2 store] 
Database 'C:\Users\iñigo\OneDrive\Workspace\RuralHouse-2017Int\landetxeak2.temp' is opened by 9200@DESKTOP-O2PB285

[2018-10-22 09:40:23 #3 type] 
Type domain.RuralHouse is not enhanced.

[2018-10-22 09:40:23 #4 type] 
Type domain.Offer is not enhanced.

------------------------------------------------------------------------------------------------------------------------

[2018-10-22 09:41:07 #1 store] 
Database 'C:\Users\iñigo\OneDrive\Workspace\RuralHouse-2017Int\landetxeak2.temp' has been recovered (tr. 135-135)

[2018-10-22 09:41:07 #2 store] 
Database 'C:\Users\iñigo\OneDrive\Workspace\RuralHouse-2017Int\landetxeak2.temp' is opened by 3004@DESKTOP-O2PB285

[2018-10-22 09:41:07 #3 type] 
Type domain.RuralHouse is not enhanced.

[2018-10-22 09:41:07 #4 type] 
Type domain.Offer is not enhanced.

------------------------------------------------------------------------------------------------------------------------

[2018-10-22 09:41:17 #1 store] 
Database 'C:\Users\iñigo\OneDrive\Workspace\RuralHouse-2017Int\landetxeak2.temp' has been recovered (tr. 136-153)

[2018-10-22 09:41:17 #2 store] 
Database 'C:\Users\iñigo\OneDrive\Workspace\RuralHouse-2017Int\landetxeak2.temp' is opened by 24128@DESKTOP-O2PB285

[2018-10-22 09:41:17 #3 type] 
Type domain.RuralHouse is not enhanced.

[2018-10-22 09:41:17 #4 type] 
Type domain.Offer is not enhanced.

