------------------------------------------------------------------------------------------------------------------------

[2018-09-24 11:13:20 #1 store] 
Database '/Users/joniturrioz/Downloads/2017Proiektua/RuralHouse-2017Int/landetxeak2.temp' has been recovered (tr. 6-6)

[2018-09-24 11:13:20 #2 store] 
Database '/Users/joniturrioz/Downloads/2017Proiektua/RuralHouse-2017Int/landetxeak2.temp' is opened by 9248@despacho.local

[2018-09-24 11:13:20 #3 type] 
Type domain.RuralHouse is not enhanced.

[2018-09-24 11:13:20 #4 type] 
Type domain.Offer is not enhanced.

------------------------------------------------------------------------------------------------------------------------

[2018-09-24 11:14:11 #1 store] 
Database '/Users/joniturrioz/Downloads/2017Proiektua/RuralHouse-2017Int/landetxeak2.temp' is opened by 9251@despacho.local

[2018-09-24 11:14:12 #2 type] 
Type domain.RuralHouse is not enhanced.

[2018-09-24 11:14:12 #3 type] 
Type domain.Offer is not enhanced.

------------------------------------------------------------------------------------------------------------------------

[2018-09-24 11:37:54 #1 store] 
Database '/Users/joniturrioz/Downloads/2017Proiektua/RuralHouse-2017Int/landetxeak2.temp' has been recovered (tr. 7-7)

[2018-09-24 11:37:54 #2 store] 
Database '/Users/joniturrioz/Downloads/2017Proiektua/RuralHouse-2017Int/landetxeak2.temp' is opened by 9324@despacho.local

[2018-09-24 11:37:54 #3 type] 
Type domain.RuralHouse is not enhanced.

[2018-09-24 11:37:54 #4 type] 
Type domain.Offer is not enhanced.

------------------------------------------------------------------------------------------------------------------------

[2018-09-24 11:38:58 #1 store] 
Database '/Users/joniturrioz/Downloads/2017Proiektua/RuralHouse-2017Int/landetxeak2.temp' has been recovered (tr. 8-8)

[2018-09-24 11:38:58 #2 store] 
Database '/Users/joniturrioz/Downloads/2017Proiektua/RuralHouse-2017Int/landetxeak2.temp' is opened by 9327@despacho.local

[2018-09-24 11:38:58 #3 type] 
Type domain.RuralHouse is not enhanced.

[2018-09-24 11:38:58 #4 type] 
Type domain.Offer is not enhanced.

------------------------------------------------------------------------------------------------------------------------

[2018-09-24 12:23:28 #1 store] 
Database '/Users/joniturrioz/Downloads/2017Proiektua/RuralHouse-2017Int/landetxeak2.temp' is opened by 9409@despacho.local

[2018-09-24 12:23:28 #2 type] 
Type domain.RuralHouse is not enhanced.

[2018-09-24 12:23:28 #3 type] 
Type domain.Offer is not enhanced.

------------------------------------------------------------------------------------------------------------------------

[2018-09-24 12:24:34 #1 store] 
Database '/Users/joniturrioz/Downloads/2017Proiektua/RuralHouse-2017Int/landetxeak2.temp' is opened by 9411@despacho.local

[2018-09-24 12:24:35 #2 type] 
Type domain.RuralHouse is not enhanced.

[2018-09-24 12:24:35 #3 type] 
Type domain.Offer is not enhanced.

------------------------------------------------------------------------------------------------------------------------

[2018-09-24 12:26:17 #1 store] 
Database '/Users/joniturrioz/Downloads/2017Proiektua/RuralHouse-2017Int/landetxeak2.temp' is opened by 9416@despacho.local

[2018-09-24 12:26:17 #2 type] 
Type domain.RuralHouse is not enhanced.

[2018-09-24 12:26:17 #3 type] 
Type domain.Offer is not enhanced.

------------------------------------------------------------------------------------------------------------------------

[2018-09-24 12:27:23 #1 store] 
Database '/Users/joniturrioz/Downloads/2017Proiektua/RuralHouse-2017Int/landetxeak2.temp' is opened by 9419@despacho.local

[2018-09-24 12:27:23 #2 type] 
Type domain.RuralHouse is not enhanced.

[2018-09-24 12:27:23 #3 type] 
Type domain.Offer is not enhanced.

------------------------------------------------------------------------------------------------------------------------

[2018-09-24 12:29:19 #1 store] 
Database '/Users/joniturrioz/Downloads/2017Proiektua/RuralHouse-2017Int/landetxeak2.temp' is opened by 9426@despacho.local

[2018-09-24 12:29:19 #2 type] 
Type domain.RuralHouse is not enhanced.

[2018-09-24 12:29:19 #3 type] 
Type domain.Offer is not enhanced.

------------------------------------------------------------------------------------------------------------------------

[2018-09-24 12:38:50 #1 store] 
Database '/Users/joniturrioz/Downloads/2017Proiektua/RuralHouse-2017Int/landetxeak2.temp' is opened by 9441@despacho.local

[2018-09-24 12:38:50 #2 type] 
Type domain.RuralHouse is not enhanced.

[2018-09-24 12:38:50 #3 type] 
Type domain.Offer is not enhanced.

------------------------------------------------------------------------------------------------------------------------

[2018-09-24 12:39:41 #1 store] 
Database '/Users/joniturrioz/Downloads/2017Proiektua/RuralHouse-2017Int/landetxeak2.temp' is opened by 9443@despacho.local

[2018-09-24 12:39:41 #2 type] 
Type domain.RuralHouse is not enhanced.

[2018-09-24 12:39:41 #3 type] 
Type domain.Offer is not enhanced.

------------------------------------------------------------------------------------------------------------------------

[2018-09-24 12:42:17 #1 store] 
Database '/Users/joniturrioz/Downloads/2017Proiektua/RuralHouse-2017Int/landetxeak2.temp' has been recovered (tr. 9-9)

[2018-09-24 12:42:18 #2 store] 
Database '/Users/joniturrioz/Downloads/2017Proiektua/RuralHouse-2017Int/landetxeak2.temp' is opened by 9448@despacho.local

[2018-09-24 12:42:18 #3 type] 
Type domain.RuralHouse is not enhanced.

[2018-09-24 12:42:18 #4 type] 
Type domain.Offer is not enhanced.

------------------------------------------------------------------------------------------------------------------------

[2018-09-24 12:43:48 #1 store] 
Database '/Users/joniturrioz/Downloads/2017Proiektua/RuralHouse-2017Int/landetxeak2.temp' is opened by 9452@despacho.local

[2018-09-24 12:43:49 #2 type] 
Type domain.RuralHouse is not enhanced.

[2018-09-24 12:43:49 #3 type] 
Type domain.Offer is not enhanced.

------------------------------------------------------------------------------------------------------------------------

[2018-09-24 12:45:24 #1 store] 
Database '/Users/joniturrioz/Downloads/2017Proiektua/RuralHouse-2017Int/landetxeak2.temp' is opened by 9455@despacho.local

[2018-09-24 12:45:24 #2 type] 
Type domain.RuralHouse is not enhanced.

[2018-09-24 12:45:24 #3 type] 
Type domain.Offer is not enhanced.

------------------------------------------------------------------------------------------------------------------------

[2018-09-24 12:47:45 #1 store] 
Database '/Users/joniturrioz/Downloads/2017Proiektua/RuralHouse-2017Int/landetxeak2.temp' is opened by 9465@despacho.local

[2018-09-24 12:47:45 #2 type] 
Type domain.RuralHouse is not enhanced.

[2018-09-24 12:47:45 #3 type] 
Type domain.Offer is not enhanced.

------------------------------------------------------------------------------------------------------------------------

[2018-09-24 12:50:18 #1 store] 
Database '/Users/joniturrioz/Downloads/2017Proiektua/RuralHouse-2017Int/landetxeak2.temp' is opened by 9472@despacho.local

[2018-09-24 12:50:18 #2 type] 
Type domain.RuralHouse is not enhanced.

[2018-09-24 12:50:18 #3 type] 
Type domain.Offer is not enhanced.

------------------------------------------------------------------------------------------------------------------------

[2018-09-24 12:57:14 #1 store] 
Database '/Users/joniturrioz/Downloads/2017Proiektua/RuralHouse-2017Int/landetxeak2.temp' is opened by 9485@despacho.local

[2018-09-24 12:57:14 #2 type] 
Type domain.RuralHouse is not enhanced.

[2018-09-24 12:57:14 #3 type] 
Type domain.Offer is not enhanced.

------------------------------------------------------------------------------------------------------------------------

[2018-09-24 12:58:11 #1 store] 
Database '/Users/joniturrioz/Downloads/2017Proiektua/RuralHouse-2017Int/landetxeak2.temp' is opened by 9490@despacho.local

[2018-09-24 12:58:11 #2 type] 
Type domain.RuralHouse is not enhanced.

[2018-09-24 12:58:11 #3 type] 
Type domain.Offer is not enhanced.

------------------------------------------------------------------------------------------------------------------------

[2018-09-24 13:05:51 #1 store] 
Database '/Users/joniturrioz/Downloads/2017Proiektua/RuralHouse-2017Int/landetxeak2.temp' is opened by 9501@despacho.local

[2018-09-24 13:05:51 #2 type] 
Type domain.RuralHouse is not enhanced.

[2018-09-24 13:05:51 #3 type] 
Type domain.Offer is not enhanced.

------------------------------------------------------------------------------------------------------------------------

[2018-09-24 13:08:15 #1 store] 
Database '/Users/joniturrioz/Downloads/2017Proiektua/RuralHouse-2017Int/landetxeak2.temp' is opened by 9508@despacho.local

[2018-09-24 13:08:15 #2 type] 
Type domain.RuralHouse is not enhanced.

[2018-09-24 13:08:15 #3 type] 
Type domain.Offer is not enhanced.

------------------------------------------------------------------------------------------------------------------------

[2018-09-24 13:09:02 #1 store] 
Database '/Users/joniturrioz/Downloads/2017Proiektua/RuralHouse-2017Int/landetxeak2.temp' is opened by 9510@despacho.local

[2018-09-24 13:09:03 #2 type] 
Type domain.RuralHouse is not enhanced.

[2018-09-24 13:09:03 #3 type] 
Type domain.Offer is not enhanced.

------------------------------------------------------------------------------------------------------------------------

[2018-09-24 13:10:14 #1 store] 
Database '/Users/joniturrioz/Downloads/2017Proiektua/RuralHouse-2017Int/landetxeak2.temp' is opened by 9512@despacho.local

[2018-09-24 13:10:14 #2 type] 
Type domain.RuralHouse is not enhanced.

[2018-09-24 13:10:14 #3 type] 
Type domain.Offer is not enhanced.

------------------------------------------------------------------------------------------------------------------------

[2018-09-24 13:14:37 #1 store] 
Database '/Users/joniturrioz/Downloads/2017Proiektua/RuralHouse-2017Int/landetxeak2.temp' is opened by 9519@despacho.local

[2018-09-24 13:14:37 #2 type] 
Type domain.RuralHouse is not enhanced.

[2018-09-24 13:14:37 #3 type] 
Type domain.Offer is not enhanced.

------------------------------------------------------------------------------------------------------------------------

[2018-09-24 13:15:20 #1 store] 
Database '/Users/joniturrioz/Downloads/2017Proiektua/RuralHouse-2017Int/landetxeak2.temp' is opened by 9521@despacho.local

[2018-09-24 13:15:20 #2 type] 
Type domain.RuralHouse is not enhanced.

[2018-09-24 13:15:20 #3 type] 
Type domain.Offer is not enhanced.

------------------------------------------------------------------------------------------------------------------------

[2018-09-24 13:17:17 #1 store] 
Database '/Users/joniturrioz/Downloads/2017Proiektua/RuralHouse-2017Int/landetxeak2.temp' is opened by 9526@despacho.local

[2018-09-24 13:17:17 #2 type] 
Type domain.RuralHouse is not enhanced.

[2018-09-24 13:17:17 #3 type] 
Type domain.Offer is not enhanced.

------------------------------------------------------------------------------------------------------------------------

[2018-09-24 13:19:27 #1 store] 
Database '/Users/joniturrioz/Downloads/2017Proiektua/RuralHouse-2017Int/landetxeak2.temp' is opened by 9534@despacho.local

[2018-09-24 13:19:27 #2 type] 
Type domain.RuralHouse is not enhanced.

[2018-09-24 13:19:27 #3 type] 
Type domain.Offer is not enhanced.

------------------------------------------------------------------------------------------------------------------------

[2018-09-24 13:20:12 #1 store] 
Database '/Users/joniturrioz/Downloads/2017Proiektua/RuralHouse-2017Int/landetxeak2.temp' has been recovered (tr. 10-10)

[2018-09-24 13:20:12 #2 store] 
Database '/Users/joniturrioz/Downloads/2017Proiektua/RuralHouse-2017Int/landetxeak2.temp' is opened by 9536@despacho.local

[2018-09-24 13:20:13 #3 type] 
Type domain.RuralHouse is not enhanced.

[2018-09-24 13:20:13 #4 type] 
Type domain.Offer is not enhanced.

------------------------------------------------------------------------------------------------------------------------

[2018-09-24 13:21:34 #1 store] 
Database '/Users/joniturrioz/Downloads/2017Proiektua/RuralHouse-2017Int/landetxeak2.temp' is opened by 9541@despacho.local

[2018-09-24 13:21:34 #2 type] 
Type domain.RuralHouse is not enhanced.

[2018-09-24 13:21:34 #3 type] 
Type domain.Offer is not enhanced.

------------------------------------------------------------------------------------------------------------------------

[2018-09-24 13:27:59 #1 store] 
Database '/Users/joniturrioz/Downloads/2017Proiektua/RuralHouse-2017Int/landetxeak2.temp' has been recovered (tr. 11-12)

[2018-09-24 13:27:59 #2 store] 
Database '/Users/joniturrioz/Downloads/2017Proiektua/RuralHouse-2017Int/landetxeak2.temp' is opened by 9555@despacho.local

[2018-09-24 13:27:59 #3 type] 
Type domain.RuralHouse is not enhanced.

[2018-09-24 13:27:59 #4 type] 
Type domain.Offer is not enhanced.

------------------------------------------------------------------------------------------------------------------------

[2018-09-24 13:29:33 #1 store] 
Database '/Users/joniturrioz/Downloads/2017Proiektua/RuralHouse-2017Int/landetxeak2.temp' has been recovered (tr. 13-14)

[2018-09-24 13:29:33 #2 store] 
Database '/Users/joniturrioz/Downloads/2017Proiektua/RuralHouse-2017Int/landetxeak2.temp' is opened by 9558@despacho.local

[2018-09-24 13:29:33 #3 type] 
Type domain.RuralHouse is not enhanced.

[2018-09-24 13:29:33 #4 type] 
Type domain.Offer is not enhanced.

------------------------------------------------------------------------------------------------------------------------

[2018-09-24 13:30:35 #1 store] 
Database '/Users/joniturrioz/Downloads/2017Proiektua/RuralHouse-2017Int/landetxeak2.temp' has been recovered (tr. 15-16)

[2018-09-24 13:30:35 #2 store] 
Database '/Users/joniturrioz/Downloads/2017Proiektua/RuralHouse-2017Int/landetxeak2.temp' is opened by 9561@despacho.local

[2018-09-24 13:30:35 #3 type] 
Type domain.RuralHouse is not enhanced.

[2018-09-24 13:30:35 #4 type] 
Type domain.Offer is not enhanced.

