------------------------------------------------------------------------------------------------------------------------

[2018-10-20 16:08:03 #1 store.file] 
readTextFile error.

[2018-10-20 16:08:03 #2 store.file] 
java.io.FileNotFoundException: C:\Users\iñigo\.objectdb\exolorer.xml (El sistema no puede encontrar el archivo especificado)
	at java.io.FileInputStream.open0(Native Method)
	at java.io.FileInputStream.open(Unknown Source)
	at java.io.FileInputStream.<init>(Unknown Source)
	at java.io.FileInputStream.<init>(Unknown Source)
	at com.objectdb.o.STH.A(STH.java:717)
	at com.objectdb.o.CNF.<init>(CNF.java:106)
	at com.objectdb.o.CNF.<clinit>(CNF.java:32)
	at com.objectdb.o.MainFrame.init(MainFrame.java:132)
	at com.objectdb.o.EXA.<init>(EXA.java:77)
	at com.objectdb.Explorer$1.run(Explorer.java:57)
	at java.awt.event.InvocationEvent.dispatch(Unknown Source)
	at java.awt.EventQueue.dispatchEventImpl(Unknown Source)
	at java.awt.EventQueue.access$500(Unknown Source)
	at java.awt.EventQueue$3.run(Unknown Source)
	at java.awt.EventQueue$3.run(Unknown Source)
	at java.security.AccessController.doPrivileged(Native Method)
	at java.security.ProtectionDomain$JavaSecurityAccessImpl.doIntersectionPrivilege(Unknown Source)
	at java.awt.EventQueue.dispatchEvent(Unknown Source)
	at java.awt.EventDispatchThread.pumpOneEventForFilters(Unknown Source)
	at java.awt.EventDispatchThread.pumpEventsForFilter(Unknown Source)
	at java.awt.EventDispatchThread.pumpEventsForHierarchy(Unknown Source)
	at java.awt.EventDispatchThread.pumpEvents(Unknown Source)
	at java.awt.EventDispatchThread.pumpEvents(Unknown Source)
	at java.awt.EventDispatchThread.run(Unknown Source)

[2018-10-20 16:08:03 #3 store] 
Database 'C:\Users\iñigo\OneDrive\Workspace\RuralHouse-2017Int\landetxeak2.temp' is opened by 23456@DESKTOP-O2PB285

[2018-10-20 16:08:03 #4 store] 
Configuration path: C:\Users\iñigo\OneDrive\Workspace\RuralHouse-2017Int\libs\objectdb-2.7.6\objectdb.conf

[2018-10-20 16:08:03 #5 store.file] 
readTextFile error.

[2018-10-20 16:08:03 #6 store.file] 
java.io.FileNotFoundException: C:\Users\iñigo\.objectdb\exolorer.xml (El sistema no puede encontrar el archivo especificado)
	at java.io.FileInputStream.open0(Native Method)
	at java.io.FileInputStream.open(Unknown Source)
	at java.io.FileInputStream.<init>(Unknown Source)
	at java.io.FileInputStream.<init>(Unknown Source)
	at com.objectdb.o.STH.A(STH.java:717)
	at com.objectdb.o.CNF.<init>(CNF.java:106)
	at com.objectdb.o.CNF.f(CNF.java:130)
	at com.objectdb.o.CNC.s(CNC.java:119)
	at com.objectdb.o.EXA.<init>(EXA.java:81)
	at com.objectdb.Explorer$1.run(Explorer.java:57)
	at java.awt.event.InvocationEvent.dispatch(Unknown Source)
	at java.awt.EventQueue.dispatchEventImpl(Unknown Source)
	at java.awt.EventQueue.access$500(Unknown Source)
	at java.awt.EventQueue$3.run(Unknown Source)
	at java.awt.EventQueue$3.run(Unknown Source)
	at java.security.AccessController.doPrivileged(Native Method)
	at java.security.ProtectionDomain$JavaSecurityAccessImpl.doIntersectionPrivilege(Unknown Source)
	at java.awt.EventQueue.dispatchEvent(Unknown Source)
	at java.awt.EventDispatchThread.pumpOneEventForFilters(Unknown Source)
	at java.awt.EventDispatchThread.pumpEventsForFilter(Unknown Source)
	at java.awt.EventDispatchThread.pumpEventsForHierarchy(Unknown Source)
	at java.awt.EventDispatchThread.pumpEvents(Unknown Source)
	at java.awt.EventDispatchThread.pumpEvents(Unknown Source)
	at java.awt.EventDispatchThread.run(Unknown Source)

[2018-10-20 16:08:25 #7 type.registry] 
New type java.lang.Object[]

[2018-10-20 16:15:33 #8 store] 
Database 'C:\Users\iñigo\OneDrive\Workspace\RuralHouse-2017Int\landetxeak2.temp' is closed by 23456@DESKTOP-O2PB285

------------------------------------------------------------------------------------------------------------------------

[2018-10-20 16:23:30 #1 store] 
Database 'C:\Users\iñigo\OneDrive\Workspace\RuralHouse-2017Int\landetxeak2.temp' is opened by 19304@DESKTOP-O2PB285

[2018-10-20 16:23:30 #2 store] 
Configuration path: C:\Users\iñigo\OneDrive\Workspace\RuralHouse-2017Int\libs\objectdb-2.7.6\objectdb.conf

[2018-10-20 16:35:04 #3 store] 
Database 'C:\Users\iñigo\OneDrive\Workspace\RuralHouse-2017Int\landetxeak2.temp' is closed by 19304@DESKTOP-O2PB285

------------------------------------------------------------------------------------------------------------------------

[2018-10-20 16:36:19 #1 store] 
Database 'C:\Users\iñigo\OneDrive\Workspace\RuralHouse-2017Int\landetxeak2.temp' is opened by 17528@DESKTOP-O2PB285

[2018-10-20 16:36:19 #2 store] 
Configuration path: C:\Users\iñigo\OneDrive\Workspace\RuralHouse-2017Int\libs\objectdb-2.7.6\objectdb.conf

[2018-10-20 16:37:04 #3 store] 
Database 'C:\Users\iñigo\OneDrive\Workspace\RuralHouse-2017Int\landetxeak2.temp' is closed by 17528@DESKTOP-O2PB285

------------------------------------------------------------------------------------------------------------------------

[2018-10-20 16:41:58 #1 store] 
Database 'C:\Users\iñigo\OneDrive\Workspace\RuralHouse-2017Int\landetxeak2.temp' has been recovered (tr. 21-21)

[2018-10-20 16:41:58 #2 store] 
Database 'C:\Users\iñigo\OneDrive\Workspace\RuralHouse-2017Int\landetxeak2.temp' is opened by 17276@DESKTOP-O2PB285

[2018-10-20 16:41:58 #3 store] 
Configuration path: C:\Users\iñigo\OneDrive\Workspace\RuralHouse-2017Int\libs\objectdb-2.7.6\objectdb.conf

[2018-10-20 16:42:14 #4 store] 
Database 'C:\Users\iñigo\OneDrive\Workspace\RuralHouse-2017Int\landetxeak2.temp' is closed by 17276@DESKTOP-O2PB285

------------------------------------------------------------------------------------------------------------------------

[2018-10-20 16:45:21 #1 store] 
Database 'C:\Users\iñigo\OneDrive\Workspace\RuralHouse-2017Int\landetxeak2.temp' has been recovered (tr. 22-23)

[2018-10-20 16:45:21 #2 store] 
Database 'C:\Users\iñigo\OneDrive\Workspace\RuralHouse-2017Int\landetxeak2.temp' is opened by 18832@DESKTOP-O2PB285

[2018-10-20 16:45:21 #3 store] 
Configuration path: C:\Users\iñigo\OneDrive\Workspace\RuralHouse-2017Int\libs\objectdb-2.7.6\objectdb.conf

[2018-10-20 16:46:00 #4 explorer] 
java.lang.NullPointerException
	at com.objectdb.o.ARI.R(ARI.java:125)
	at com.objectdb.o.CNI.n(CNI.java:163)
	at com.objectdb.o.MultiValueItem.n(MultiValueItem.java:14)
	at com.objectdb.o.ITP.B(ITP.java:457)
	at com.objectdb.o.ITP.YB(ITP.java:341)
	at com.objectdb.o.RTR.YB(RTR.java:71)
	at com.objectdb.o.Command.actionPerformed(Command.java:472)
	at javax.swing.AbstractButton.fireActionPerformed(Unknown Source)
	at javax.swing.AbstractButton$Handler.actionPerformed(Unknown Source)
	at javax.swing.DefaultButtonModel.fireActionPerformed(Unknown Source)
	at javax.swing.DefaultButtonModel.setPressed(Unknown Source)
	at javax.swing.AbstractButton.doClick(Unknown Source)
	at javax.swing.plaf.basic.BasicMenuItemUI.doClick(Unknown Source)
	at javax.swing.plaf.basic.BasicMenuItemUI$Handler.mouseReleased(Unknown Source)
	at java.awt.Component.processMouseEvent(Unknown Source)
	at javax.swing.JComponent.processMouseEvent(Unknown Source)
	at java.awt.Component.processEvent(Unknown Source)
	at java.awt.Container.processEvent(Unknown Source)
	at java.awt.Component.dispatchEventImpl(Unknown Source)
	at java.awt.Container.dispatchEventImpl(Unknown Source)
	at java.awt.Component.dispatchEvent(Unknown Source)
	at java.awt.LightweightDispatcher.retargetMouseEvent(Unknown Source)
	at java.awt.LightweightDispatcher.processMouseEvent(Unknown Source)
	at java.awt.LightweightDispatcher.dispatchEvent(Unknown Source)
	at java.awt.Container.dispatchEventImpl(Unknown Source)
	at java.awt.Window.dispatchEventImpl(Unknown Source)
	at java.awt.Component.dispatchEvent(Unknown Source)
	at java.awt.EventQueue.dispatchEventImpl(Unknown Source)
	at java.awt.EventQueue.access$500(Unknown Source)
	at java.awt.EventQueue$3.run(Unknown Source)
	at java.awt.EventQueue$3.run(Unknown Source)
	at java.security.AccessController.doPrivileged(Native Method)
	at java.security.ProtectionDomain$JavaSecurityAccessImpl.doIntersectionPrivilege(Unknown Source)
	at java.security.ProtectionDomain$JavaSecurityAccessImpl.doIntersectionPrivilege(Unknown Source)
	at java.awt.EventQueue$4.run(Unknown Source)
	at java.awt.EventQueue$4.run(Unknown Source)
	at java.security.AccessController.doPrivileged(Native Method)
	at java.security.ProtectionDomain$JavaSecurityAccessImpl.doIntersectionPrivilege(Unknown Source)
	at java.awt.EventQueue.dispatchEvent(Unknown Source)
	at java.awt.EventDispatchThread.pumpOneEventForFilters(Unknown Source)
	at java.awt.EventDispatchThread.pumpEventsForFilter(Unknown Source)
	at java.awt.EventDispatchThread.pumpEventsForHierarchy(Unknown Source)
	at java.awt.EventDispatchThread.pumpEvents(Unknown Source)
	at java.awt.EventDispatchThread.pumpEvents(Unknown Source)
	at java.awt.EventDispatchThread.run(Unknown Source)

[2018-10-20 16:46:44 #5 explorer] 
java.lang.NullPointerException
	at com.objectdb.o.ARI.R(ARI.java:125)
	at com.objectdb.o.DIT.S(DIT.java:358)
	at com.objectdb.o.ItemTableModel.setValueAt(ItemTableModel.java:142)
	at javax.swing.JTable.setValueAt(Unknown Source)
	at javax.swing.JTable.editingStopped(Unknown Source)
	at javax.swing.AbstractCellEditor.fireEditingStopped(Unknown Source)
	at javax.swing.DefaultCellEditor$EditorDelegate.stopCellEditing(Unknown Source)
	at javax.swing.DefaultCellEditor.stopCellEditing(Unknown Source)
	at javax.swing.plaf.basic.BasicTableUI$Handler.mousePressed(Unknown Source)
	at java.awt.AWTEventMulticaster.mousePressed(Unknown Source)
	at java.awt.AWTEventMulticaster.mousePressed(Unknown Source)
	at java.awt.AWTEventMulticaster.mousePressed(Unknown Source)
	at java.awt.Component.processMouseEvent(Unknown Source)
	at javax.swing.JComponent.processMouseEvent(Unknown Source)
	at java.awt.Component.processEvent(Unknown Source)
	at java.awt.Container.processEvent(Unknown Source)
	at java.awt.Component.dispatchEventImpl(Unknown Source)
	at java.awt.Container.dispatchEventImpl(Unknown Source)
	at java.awt.Component.dispatchEvent(Unknown Source)
	at java.awt.LightweightDispatcher.retargetMouseEvent(Unknown Source)
	at java.awt.LightweightDispatcher.processMouseEvent(Unknown Source)
	at java.awt.LightweightDispatcher.dispatchEvent(Unknown Source)
	at java.awt.Container.dispatchEventImpl(Unknown Source)
	at java.awt.Window.dispatchEventImpl(Unknown Source)
	at java.awt.Component.dispatchEvent(Unknown Source)
	at java.awt.EventQueue.dispatchEventImpl(Unknown Source)
	at java.awt.EventQueue.access$500(Unknown Source)
	at java.awt.EventQueue$3.run(Unknown Source)
	at java.awt.EventQueue$3.run(Unknown Source)
	at java.security.AccessController.doPrivileged(Native Method)
	at java.security.ProtectionDomain$JavaSecurityAccessImpl.doIntersectionPrivilege(Unknown Source)
	at java.security.ProtectionDomain$JavaSecurityAccessImpl.doIntersectionPrivilege(Unknown Source)
	at java.awt.EventQueue$4.run(Unknown Source)
	at java.awt.EventQueue$4.run(Unknown Source)
	at java.security.AccessController.doPrivileged(Native Method)
	at java.security.ProtectionDomain$JavaSecurityAccessImpl.doIntersectionPrivilege(Unknown Source)
	at java.awt.EventQueue.dispatchEvent(Unknown Source)
	at java.awt.EventDispatchThread.pumpOneEventForFilters(Unknown Source)
	at java.awt.EventDispatchThread.pumpEventsForFilter(Unknown Source)
	at java.awt.EventDispatchThread.pumpEventsForHierarchy(Unknown Source)
	at java.awt.EventDispatchThread.pumpEvents(Unknown Source)
	at java.awt.EventDispatchThread.pumpEvents(Unknown Source)
	at java.awt.EventDispatchThread.run(Unknown Source)

[2018-10-20 16:46:58 #6 explorer] 
java.lang.NullPointerException
	at com.objectdb.o.ARI.R(ARI.java:125)
	at com.objectdb.o.CNI.n(CNI.java:163)
	at com.objectdb.o.MultiValueItem.n(MultiValueItem.java:14)
	at com.objectdb.o.ITP.B(ITP.java:457)
	at com.objectdb.o.ITP.YB(ITP.java:341)
	at com.objectdb.o.RTR.YB(RTR.java:71)
	at com.objectdb.o.Command.actionPerformed(Command.java:472)
	at javax.swing.AbstractButton.fireActionPerformed(Unknown Source)
	at javax.swing.AbstractButton$Handler.actionPerformed(Unknown Source)
	at javax.swing.DefaultButtonModel.fireActionPerformed(Unknown Source)
	at javax.swing.DefaultButtonModel.setPressed(Unknown Source)
	at javax.swing.AbstractButton.doClick(Unknown Source)
	at javax.swing.plaf.basic.BasicMenuItemUI.doClick(Unknown Source)
	at javax.swing.plaf.basic.BasicMenuItemUI$Handler.mouseReleased(Unknown Source)
	at java.awt.Component.processMouseEvent(Unknown Source)
	at javax.swing.JComponent.processMouseEvent(Unknown Source)
	at java.awt.Component.processEvent(Unknown Source)
	at java.awt.Container.processEvent(Unknown Source)
	at java.awt.Component.dispatchEventImpl(Unknown Source)
	at java.awt.Container.dispatchEventImpl(Unknown Source)
	at java.awt.Component.dispatchEvent(Unknown Source)
	at java.awt.LightweightDispatcher.retargetMouseEvent(Unknown Source)
	at java.awt.LightweightDispatcher.processMouseEvent(Unknown Source)
	at java.awt.LightweightDispatcher.dispatchEvent(Unknown Source)
	at java.awt.Container.dispatchEventImpl(Unknown Source)
	at java.awt.Window.dispatchEventImpl(Unknown Source)
	at java.awt.Component.dispatchEvent(Unknown Source)
	at java.awt.EventQueue.dispatchEventImpl(Unknown Source)
	at java.awt.EventQueue.access$500(Unknown Source)
	at java.awt.EventQueue$3.run(Unknown Source)
	at java.awt.EventQueue$3.run(Unknown Source)
	at java.security.AccessController.doPrivileged(Native Method)
	at java.security.ProtectionDomain$JavaSecurityAccessImpl.doIntersectionPrivilege(Unknown Source)
	at java.security.ProtectionDomain$JavaSecurityAccessImpl.doIntersectionPrivilege(Unknown Source)
	at java.awt.EventQueue$4.run(Unknown Source)
	at java.awt.EventQueue$4.run(Unknown Source)
	at java.security.AccessController.doPrivileged(Native Method)
	at java.security.ProtectionDomain$JavaSecurityAccessImpl.doIntersectionPrivilege(Unknown Source)
	at java.awt.EventQueue.dispatchEvent(Unknown Source)
	at java.awt.EventDispatchThread.pumpOneEventForFilters(Unknown Source)
	at java.awt.EventDispatchThread.pumpEventsForFilter(Unknown Source)
	at java.awt.EventDispatchThread.pumpEventsForHierarchy(Unknown Source)
	at java.awt.EventDispatchThread.pumpEvents(Unknown Source)
	at java.awt.EventDispatchThread.pumpEvents(Unknown Source)
	at java.awt.EventDispatchThread.run(Unknown Source)

[2018-10-20 16:48:13 #7 store] 
Database 'C:\Users\iñigo\OneDrive\Workspace\RuralHouse-2017Int\landetxeak2.temp' is closed by 18832@DESKTOP-O2PB285

------------------------------------------------------------------------------------------------------------------------

[2018-10-20 17:04:59 #1 store] 
Database 'C:\Users\iñigo\OneDrive\Workspace\RuralHouse-2017Int\landetxeak2.temp' is opened by 12464@DESKTOP-O2PB285

[2018-10-20 17:04:59 #2 store] 
Configuration path: C:\Users\iñigo\OneDrive\Workspace\RuralHouse-2017Int\libs\objectdb-2.7.6\objectdb.conf

[2018-10-20 17:05:15 #3 store] 
Database 'C:\Users\iñigo\OneDrive\Workspace\RuralHouse-2017Int\landetxeak2.temp' is closed by 12464@DESKTOP-O2PB285

------------------------------------------------------------------------------------------------------------------------

[2018-10-20 17:26:30 #1 explorer] 
[ObjectDB 2.7.6] javax.persistence.PersistenceException
Attempt to open a database file 'C:\Users\iñigo\OneDrive\Workspace\RuralHouse-2017Int\landetxeak2.temp' that is currently in use by another process (error 141)
	at com.objectdb.Explorer$1.run(Explorer.java:57)
	at java.awt.event.InvocationEvent.dispatch(Unknown Source)
	at java.awt.EventQueue.dispatchEventImpl(Unknown Source)
	at java.awt.EventQueue.access$500(Unknown Source)
	at java.awt.EventQueue$3.run(Unknown Source)
	at java.awt.EventQueue$3.run(Unknown Source)
	at java.security.AccessController.doPrivileged(Native Method)
	at java.security.ProtectionDomain$JavaSecurityAccessImpl.doIntersectionPrivilege(Unknown Source)
	at java.awt.EventQueue.dispatchEvent(Unknown Source)
	at java.awt.EventDispatchThread.pumpOneEventForFilters(Unknown Source)
	at java.awt.EventDispatchThread.pumpEventsForFilter(Unknown Source)
	at java.awt.EventDispatchThread.pumpEventsForHierarchy(Unknown Source)
	at java.awt.EventDispatchThread.pumpEvents(Unknown Source)
	at java.awt.EventDispatchThread.pumpEvents(Unknown Source)
	at java.awt.EventDispatchThread.run(Unknown Source)
Caused by: com.objectdb.o.UserException: Attempt to open a database file 'C:\Users\iñigo\OneDrive\Workspace\RuralHouse-2017Int\landetxeak2.temp' that is currently in use by another process
	at com.objectdb.o.MSG.a(MSG.java:64)
	at com.objectdb.o.LFL.J(LFL.java:930)
	at com.objectdb.o.LFL.x(LFL.java:887)
	at com.objectdb.o.LFL.x(LFL.java:797)
	at com.objectdb.o.DFL.<init>(DFL.java:241)
	at com.objectdb.o.DMG.<init>(DMG.java:27)
	at com.objectdb.o.MST.<init>(MST.java:127)
	at com.objectdb.o.MST.ao(MST.java:109)
	at com.objectdb.o.MSF.Z0(MSF.java:190)
	at com.objectdb.o.OMF.r(OMF.java:783)
	at com.objectdb.jpa.EMF.r(EMF.java:130)
	at com.objectdb.o.OMF.w(OMF.java:694)
	at com.objectdb.jpa.EMF.createEntityManager(EMF.java:149)
	... 17 more

------------------------------------------------------------------------------------------------------------------------

[2018-10-20 17:26:56 #1 store] 
Database 'C:\Users\iñigo\OneDrive\Workspace\RuralHouse-2017Int\landetxeak2.temp' is opened by 18696@DESKTOP-O2PB285

[2018-10-20 17:26:56 #2 store] 
Configuration path: C:\Users\iñigo\OneDrive\Workspace\RuralHouse-2017Int\libs\objectdb-2.7.6\objectdb.conf

[2018-10-20 17:27:13 #3 store] 
Database 'C:\Users\iñigo\OneDrive\Workspace\RuralHouse-2017Int\landetxeak2.temp' is closed by 18696@DESKTOP-O2PB285

------------------------------------------------------------------------------------------------------------------------

[2018-10-20 17:46:37 #1 store] 
Database 'C:\Users\iñigo\OneDrive\Workspace\RuralHouse-2017Int\landetxeak2.temp' is opened by 14488@DESKTOP-O2PB285

[2018-10-20 17:46:37 #2 store] 
Configuration path: C:\Users\iñigo\OneDrive\Workspace\RuralHouse-2017Int\libs\objectdb-2.7.6\objectdb.conf

[2018-10-20 17:46:46 #3 type.registry] 
New type java.lang.Object[]

[2018-10-20 17:47:37 #4 store] 
Database 'C:\Users\iñigo\OneDrive\Workspace\RuralHouse-2017Int\landetxeak2.temp' is closed by 14488@DESKTOP-O2PB285

------------------------------------------------------------------------------------------------------------------------

[2018-10-20 17:48:25 #1 store] 
Database 'C:\Users\iñigo\OneDrive\Workspace\RuralHouse-2017Int\landetxeak2.temp' is opened by 15860@DESKTOP-O2PB285

[2018-10-20 17:48:25 #2 store] 
Configuration path: C:\Users\iñigo\OneDrive\Workspace\RuralHouse-2017Int\libs\objectdb-2.7.6\objectdb.conf

[2018-10-20 17:49:12 #3 store] 
Database 'C:\Users\iñigo\OneDrive\Workspace\RuralHouse-2017Int\landetxeak2.temp' is closed by 15860@DESKTOP-O2PB285

------------------------------------------------------------------------------------------------------------------------

[2018-10-20 17:49:38 #1 store] 
Database 'C:\Users\iñigo\OneDrive\Workspace\RuralHouse-2017Int\landetxeak2.temp' is opened by 19008@DESKTOP-O2PB285

[2018-10-20 17:49:38 #2 store] 
Configuration path: C:\Users\iñigo\OneDrive\Workspace\RuralHouse-2017Int\libs\objectdb-2.7.6\objectdb.conf

[2018-10-20 17:53:17 #3 store] 
Database 'C:\Users\iñigo\OneDrive\Workspace\RuralHouse-2017Int\landetxeak2.temp' is closed by 19008@DESKTOP-O2PB285

------------------------------------------------------------------------------------------------------------------------

[2018-10-20 17:54:00 #1 store] 
Database 'C:\Users\iñigo\OneDrive\Workspace\RuralHouse-2017Int\landetxeak2.temp' is opened by 832@DESKTOP-O2PB285

[2018-10-20 17:54:00 #2 store] 
Configuration path: C:\Users\iñigo\OneDrive\Workspace\RuralHouse-2017Int\libs\objectdb-2.7.6\objectdb.conf

[2018-10-20 17:54:24 #3 store] 
Database 'C:\Users\iñigo\OneDrive\Workspace\RuralHouse-2017Int\landetxeak2.temp' is closed by 832@DESKTOP-O2PB285

------------------------------------------------------------------------------------------------------------------------

[2018-10-20 17:55:51 #1 store] 
Database 'C:\Users\iñigo\OneDrive\Workspace\RuralHouse-2017Int\landetxeak2.temp' is opened by 23792@DESKTOP-O2PB285

[2018-10-20 17:55:51 #2 store] 
Configuration path: C:\Users\iñigo\OneDrive\Workspace\RuralHouse-2017Int\libs\objectdb-2.7.6\objectdb.conf

[2018-10-20 17:56:10 #3 store] 
Database 'C:\Users\iñigo\OneDrive\Workspace\RuralHouse-2017Int\landetxeak2.temp' is closed by 23792@DESKTOP-O2PB285

------------------------------------------------------------------------------------------------------------------------

[2018-10-20 17:56:42 #1 store] 
Database 'C:\Users\iñigo\OneDrive\Workspace\RuralHouse-2017Int\landetxeak2.temp' is opened by 23284@DESKTOP-O2PB285

[2018-10-20 17:56:42 #2 store] 
Configuration path: C:\Users\iñigo\OneDrive\Workspace\RuralHouse-2017Int\libs\objectdb-2.7.6\objectdb.conf

[2018-10-20 17:57:00 #3 store] 
Database 'C:\Users\iñigo\OneDrive\Workspace\RuralHouse-2017Int\landetxeak2.temp' is closed by 23284@DESKTOP-O2PB285

------------------------------------------------------------------------------------------------------------------------

[2018-10-20 17:58:02 #1 store] 
Database 'C:\Users\iñigo\OneDrive\Workspace\RuralHouse-2017Int\landetxeak2.temp' has been recovered (tr. 14-14)

[2018-10-20 17:58:02 #2 store] 
Database 'C:\Users\iñigo\OneDrive\Workspace\RuralHouse-2017Int\landetxeak2.temp' is opened by 21396@DESKTOP-O2PB285

[2018-10-20 17:58:02 #3 store] 
Configuration path: C:\Users\iñigo\OneDrive\Workspace\RuralHouse-2017Int\libs\objectdb-2.7.6\objectdb.conf

[2018-10-20 17:58:21 #4 store] 
Database 'C:\Users\iñigo\OneDrive\Workspace\RuralHouse-2017Int\landetxeak2.temp' is closed by 21396@DESKTOP-O2PB285

------------------------------------------------------------------------------------------------------------------------

[2018-10-20 18:01:02 #1 store] 
Database 'C:\Users\iñigo\OneDrive\Workspace\RuralHouse-2017Int\landetxeak2.temp' is opened by 15480@DESKTOP-O2PB285

[2018-10-20 18:01:02 #2 store] 
Configuration path: C:\Users\iñigo\OneDrive\Workspace\RuralHouse-2017Int\libs\objectdb-2.7.6\objectdb.conf

[2018-10-20 18:01:12 #3 store] 
Database 'C:\Users\iñigo\OneDrive\Workspace\RuralHouse-2017Int\landetxeak2.temp' is closed by 15480@DESKTOP-O2PB285

------------------------------------------------------------------------------------------------------------------------

[2018-10-20 18:08:49 #1 store] 
Database 'C:\Users\iñigo\OneDrive\Workspace\RuralHouse-2017Int\landetxeak2.temp' is opened by 12968@DESKTOP-O2PB285

[2018-10-20 18:08:49 #2 store] 
Configuration path: C:\Users\iñigo\OneDrive\Workspace\RuralHouse-2017Int\libs\objectdb-2.7.6\objectdb.conf

[2018-10-20 18:08:55 #3 store] 
Database 'C:\Users\iñigo\OneDrive\Workspace\RuralHouse-2017Int\landetxeak2.temp' is closed by 12968@DESKTOP-O2PB285

------------------------------------------------------------------------------------------------------------------------

[2018-10-20 18:09:36 #1 store] 
Database 'C:\Users\iñigo\OneDrive\Workspace\RuralHouse-2017Int\landetxeak2.temp' has been recovered (tr. 20-21)

[2018-10-20 18:09:36 #2 store] 
Database 'C:\Users\iñigo\OneDrive\Workspace\RuralHouse-2017Int\landetxeak2.temp' is opened by 10692@DESKTOP-O2PB285

[2018-10-20 18:09:36 #3 store] 
Configuration path: C:\Users\iñigo\OneDrive\Workspace\RuralHouse-2017Int\libs\objectdb-2.7.6\objectdb.conf

[2018-10-20 18:09:50 #4 store] 
Database 'C:\Users\iñigo\OneDrive\Workspace\RuralHouse-2017Int\landetxeak2.temp' is closed by 10692@DESKTOP-O2PB285

------------------------------------------------------------------------------------------------------------------------

[2018-10-20 18:16:11 #1 store] 
Database 'C:\Users\iñigo\OneDrive\Workspace\RuralHouse-2017Int\landetxeak2.temp' is opened by 23016@DESKTOP-O2PB285

[2018-10-20 18:16:11 #2 store] 
Configuration path: C:\Users\iñigo\OneDrive\Workspace\RuralHouse-2017Int\libs\objectdb-2.7.6\objectdb.conf

[2018-10-20 18:16:20 #3 store] 
Database 'C:\Users\iñigo\OneDrive\Workspace\RuralHouse-2017Int\landetxeak2.temp' is closed by 23016@DESKTOP-O2PB285

------------------------------------------------------------------------------------------------------------------------

[2018-10-20 18:19:02 #1 store] 
Database 'C:\Users\iñigo\OneDrive\Workspace\RuralHouse-2017Int\landetxeak2.temp' has been recovered (tr. 33-38)

[2018-10-20 18:19:03 #2 store] 
Database 'C:\Users\iñigo\OneDrive\Workspace\RuralHouse-2017Int\landetxeak2.temp' is opened by 13516@DESKTOP-O2PB285

[2018-10-20 18:19:03 #3 store] 
Configuration path: C:\Users\iñigo\OneDrive\Workspace\RuralHouse-2017Int\libs\objectdb-2.7.6\objectdb.conf

[2018-10-20 18:19:07 #4 store] 
Database 'C:\Users\iñigo\OneDrive\Workspace\RuralHouse-2017Int\landetxeak2.temp' is closed by 13516@DESKTOP-O2PB285

