------------------------------------------------------------------------------------------------------------------------

[2018-12-01 20:49:22 #1 store] 
Database 'C:\Users\iñigo\OneDrive\Workspace\RuralHouse-2017Int\landetxeak2.temp' is opened by 31132@DESKTOP-O2PB285

[2018-12-01 20:49:22 #2 type] 
Type domain.RuralHouse is not enhanced.

[2018-12-01 20:49:22 #3 type] 
Type domain.Offer is not enhanced.

------------------------------------------------------------------------------------------------------------------------

[2018-12-01 20:52:21 #1 store] 
Database 'C:\Users\iñigo\OneDrive\Workspace\RuralHouse-2017Int\landetxeak2.temp' is opened by 29312@DESKTOP-O2PB285

[2018-12-01 20:52:21 #2 type] 
Type domain.RuralHouse is not enhanced.

[2018-12-01 20:52:21 #3 type] 
Type domain.Offer is not enhanced.

------------------------------------------------------------------------------------------------------------------------

[2018-12-01 20:53:35 #1 store] 
Database 'C:\Users\iñigo\OneDrive\Workspace\RuralHouse-2017Int\landetxeak2.temp' is opened by 23460@DESKTOP-O2PB285

[2018-12-01 20:53:35 #2 type] 
Type domain.RuralHouse is not enhanced.

[2018-12-01 20:53:35 #3 type] 
Type domain.Offer is not enhanced.

------------------------------------------------------------------------------------------------------------------------

[2018-12-01 20:54:13 #1 store] 
Database 'C:\Users\iñigo\OneDrive\Workspace\RuralHouse-2017Int\landetxeak2.temp' is opened by 13660@DESKTOP-O2PB285

[2018-12-01 20:54:13 #2 type] 
Type domain.RuralHouse is not enhanced.

[2018-12-01 20:54:13 #3 type] 
Type domain.Offer is not enhanced.

------------------------------------------------------------------------------------------------------------------------

[2018-12-01 20:54:23 #1 store] 
Database 'C:\Users\iñigo\OneDrive\Workspace\RuralHouse-2017Int\landetxeak2.temp' is opened by 29540@DESKTOP-O2PB285

[2018-12-01 20:54:23 #2 type] 
Type domain.RuralHouse is not enhanced.

[2018-12-01 20:54:23 #3 type] 
Type domain.Offer is not enhanced.

------------------------------------------------------------------------------------------------------------------------

[2018-12-01 20:55:42 #1 store] 
Database 'C:\Users\iñigo\OneDrive\Workspace\RuralHouse-2017Int\landetxeak2.temp' is opened by 24520@DESKTOP-O2PB285

[2018-12-01 20:55:43 #2 type] 
Type domain.RuralHouse is not enhanced.

[2018-12-01 20:55:43 #3 type] 
Type domain.Offer is not enhanced.

------------------------------------------------------------------------------------------------------------------------

[2018-12-01 20:56:07 #1 store] 
Database 'C:\Users\iñigo\OneDrive\Workspace\RuralHouse-2017Int\landetxeak2.temp' has been recovered (tr. 157-171)

[2018-12-01 20:56:07 #2 store] 
Database 'C:\Users\iñigo\OneDrive\Workspace\RuralHouse-2017Int\landetxeak2.temp' is opened by 31956@DESKTOP-O2PB285

[2018-12-01 20:56:08 #3 type] 
Type domain.RuralHouse is not enhanced.

[2018-12-01 20:56:08 #4 type] 
Type domain.Offer is not enhanced.

------------------------------------------------------------------------------------------------------------------------

[2018-12-01 20:56:34 #1 store] 
Database 'C:\Users\iñigo\OneDrive\Workspace\RuralHouse-2017Int\landetxeak2.temp' is opened by 1740@DESKTOP-O2PB285

[2018-12-01 20:56:34 #2 type] 
Type domain.RuralHouse is not enhanced.

[2018-12-01 20:56:34 #3 type] 
Type domain.Offer is not enhanced.

------------------------------------------------------------------------------------------------------------------------

[2018-12-01 20:57:34 #1 store] 
Database 'C:\Users\iñigo\OneDrive\Workspace\RuralHouse-2017Int\landetxeak2.temp' is opened by 24832@DESKTOP-O2PB285

[2018-12-01 20:57:34 #2 type] 
Type domain.RuralHouse is not enhanced.

[2018-12-01 20:57:34 #3 type] 
Type domain.Offer is not enhanced.

------------------------------------------------------------------------------------------------------------------------

[2018-12-01 20:58:34 #1 store] 
Database 'C:\Users\iñigo\OneDrive\Workspace\RuralHouse-2017Int\landetxeak2.temp' is opened by 10328@DESKTOP-O2PB285

[2018-12-01 20:58:34 #2 type] 
Type domain.RuralHouse is not enhanced.

[2018-12-01 20:58:34 #3 type] 
Type domain.Offer is not enhanced.

------------------------------------------------------------------------------------------------------------------------

[2018-12-01 21:01:14 #1 store] 
Database 'C:\Users\iñigo\OneDrive\Workspace\RuralHouse-2017Int\landetxeak2.temp' is opened by 17312@DESKTOP-O2PB285

[2018-12-01 21:01:14 #2 type] 
Type domain.RuralHouse is not enhanced.

[2018-12-01 21:01:14 #3 type] 
Type domain.Offer is not enhanced.

------------------------------------------------------------------------------------------------------------------------

[2018-12-01 21:20:04 #1 store] 
Database 'C:\Users\iñigo\OneDrive\Workspace\RuralHouse-2017Int\landetxeak2.temp' is opened by 17528@DESKTOP-O2PB285

[2018-12-01 21:20:04 #2 type] 
Type domain.RuralHouse is not enhanced.

[2018-12-01 21:20:04 #3 type] 
Type domain.Offer is not enhanced.

------------------------------------------------------------------------------------------------------------------------

[2018-12-01 21:21:53 #1 store] 
Database 'C:\Users\iñigo\OneDrive\Workspace\RuralHouse-2017Int\landetxeak2.temp' is opened by 28296@DESKTOP-O2PB285

[2018-12-01 21:21:53 #2 type] 
Type domain.RuralHouse is not enhanced.

[2018-12-01 21:21:53 #3 type] 
Type domain.Offer is not enhanced.

------------------------------------------------------------------------------------------------------------------------

[2018-12-01 21:25:38 #1 store] 
Database 'C:\Users\iñigo\OneDrive\Workspace\RuralHouse-2017Int\landetxeak2.temp' is opened by 5232@DESKTOP-O2PB285

[2018-12-01 21:25:38 #2 type.registry] 
New type domain.RuralHouse

[2018-12-01 21:25:38 #3 type] 
Type domain.RuralHouse is not enhanced.

[2018-12-01 21:25:38 #4 type.registry] 
New type domain.Offer

[2018-12-01 21:25:38 #5 type.registry] 
New type java.util.Vector<domain.Offer>

[2018-12-01 21:25:38 #6 type] 
Type domain.Offer is not enhanced.

[2018-12-01 21:25:38 #7 type.registry] 
New type java.util.Vector<java.lang.Object>

------------------------------------------------------------------------------------------------------------------------

[2018-12-01 21:26:24 #1 store] 
Database 'C:\Users\iñigo\OneDrive\Workspace\RuralHouse-2017Int\landetxeak2.temp' is opened by 3392@DESKTOP-O2PB285

[2018-12-01 21:26:24 #2 type] 
Type domain.RuralHouse is not enhanced.

[2018-12-01 21:26:24 #3 type] 
Type domain.Offer is not enhanced.

