------------------------------------------------------------------------------------------------------------------------

[2018-10-21 14:04:45 #1 store] 
Database 'C:\Users\iñigo\OneDrive\Workspace\RuralHouse-2017Int\landetxeak2.temp' is opened by 16324@DESKTOP-O2PB285

[2018-10-21 14:04:45 #2 type] 
Type domain.RuralHouse is not enhanced.

[2018-10-21 14:04:45 #3 type] 
Type domain.Offer is not enhanced.

------------------------------------------------------------------------------------------------------------------------

[2018-10-21 14:15:51 #1 store] 
Database 'C:\Users\iñigo\OneDrive\Workspace\RuralHouse-2017Int\landetxeak2.temp' has been recovered (tr. 39-44)

[2018-10-21 14:15:51 #2 store] 
Database 'C:\Users\iñigo\OneDrive\Workspace\RuralHouse-2017Int\landetxeak2.temp' is opened by 12272@DESKTOP-O2PB285

[2018-10-21 14:15:51 #3 type] 
Type domain.RuralHouse is not enhanced.

[2018-10-21 14:15:51 #4 type] 
Type domain.Offer is not enhanced.

------------------------------------------------------------------------------------------------------------------------

[2018-10-21 14:29:49 #1 store] 
Database 'C:\Users\iñigo\OneDrive\Workspace\RuralHouse-2017Int\landetxeak2.temp' has been recovered (tr. 45-62)

[2018-10-21 14:29:49 #2 store] 
Database 'C:\Users\iñigo\OneDrive\Workspace\RuralHouse-2017Int\landetxeak2.temp' is opened by 18080@DESKTOP-O2PB285

[2018-10-21 14:29:50 #3 type] 
Type domain.RuralHouse is not enhanced.

[2018-10-21 14:29:50 #4 type] 
Type domain.Offer is not enhanced.

------------------------------------------------------------------------------------------------------------------------

[2018-10-21 14:31:38 #1 store] 
Database 'C:\Users\iñigo\OneDrive\Workspace\RuralHouse-2017Int\landetxeak2.temp' has been recovered (tr. 63-80)

[2018-10-21 14:31:38 #2 store] 
Database 'C:\Users\iñigo\OneDrive\Workspace\RuralHouse-2017Int\landetxeak2.temp' is opened by 24216@DESKTOP-O2PB285

[2018-10-21 14:31:38 #3 type] 
Type domain.RuralHouse is not enhanced.

[2018-10-21 14:31:38 #4 type] 
Type domain.Offer is not enhanced.

------------------------------------------------------------------------------------------------------------------------

[2018-10-21 14:31:48 #1 store] 
Database 'C:\Users\iñigo\OneDrive\Workspace\RuralHouse-2017Int\landetxeak2.temp' has been recovered (tr. 81-98)

[2018-10-21 14:31:48 #2 store] 
Database 'C:\Users\iñigo\OneDrive\Workspace\RuralHouse-2017Int\landetxeak2.temp' is opened by 15240@DESKTOP-O2PB285

[2018-10-21 14:31:48 #3 type] 
Type domain.RuralHouse is not enhanced.

[2018-10-21 14:31:48 #4 type] 
Type domain.Offer is not enhanced.

------------------------------------------------------------------------------------------------------------------------

[2018-10-21 14:35:43 #1 store] 
Database 'C:\Users\iñigo\OneDrive\Workspace\RuralHouse-2017Int\landetxeak2.temp' has been recovered (tr. 99-116)

[2018-10-21 14:35:43 #2 store] 
Database 'C:\Users\iñigo\OneDrive\Workspace\RuralHouse-2017Int\landetxeak2.temp' is opened by 3136@DESKTOP-O2PB285

[2018-10-21 14:35:43 #3 type] 
Type domain.RuralHouse is not enhanced.

[2018-10-21 14:35:43 #4 type] 
Type domain.Offer is not enhanced.

