------------------------------------------------------------------------------------------------------------------------

[2018-12-02 09:46:08 #1 store] 
Database 'C:\Users\iñigo\OneDrive\RuralHouse-2017Int\landetxeak2.temp' has been recovered (tr. 11-11)

[2018-12-02 09:46:08 #2 store] 
Database 'C:\Users\iñigo\OneDrive\RuralHouse-2017Int\landetxeak2.temp' is opened by 288@DESKTOP-O2PB285

[2018-12-02 09:46:08 #3 store] 
Configuration path: C:\Users\iñigo\OneDrive\Workspace\RuralHouse-2017Int\libs\objectdb-2.7.6\objectdb.conf

[2018-12-02 09:46:23 #4 store] 
Database 'C:\Users\iñigo\OneDrive\RuralHouse-2017Int\landetxeak2.temp' is closed by 288@DESKTOP-O2PB285

------------------------------------------------------------------------------------------------------------------------

[2018-12-02 09:47:46 #1 store] 
Database 'C:\Users\iñigo\OneDrive\RuralHouse-2017Int\landetxeak2.temp' is opened by 29568@DESKTOP-O2PB285

[2018-12-02 09:47:46 #2 store] 
Configuration path: C:\Users\iñigo\OneDrive\Workspace\RuralHouse-2017Int\libs\objectdb-2.7.6\objectdb.conf

[2018-12-02 09:48:13 #3 store] 
Database 'C:\Users\iñigo\OneDrive\RuralHouse-2017Int\landetxeak2.temp' is closed by 29568@DESKTOP-O2PB285

------------------------------------------------------------------------------------------------------------------------

[2018-12-02 09:50:06 #1 store] 
Database 'C:\Users\iñigo\OneDrive\RuralHouse-2017Int\landetxeak2.temp' is opened by 24256@DESKTOP-O2PB285

[2018-12-02 09:50:06 #2 store] 
Configuration path: C:\Users\iñigo\OneDrive\Workspace\RuralHouse-2017Int\libs\objectdb-2.7.6\objectdb.conf

[2018-12-02 09:50:11 #3 store] 
Database 'C:\Users\iñigo\OneDrive\RuralHouse-2017Int\landetxeak2.temp' is closed by 24256@DESKTOP-O2PB285

------------------------------------------------------------------------------------------------------------------------

[2018-12-02 09:50:37 #1 store] 
Database 'C:\Users\iñigo\OneDrive\RuralHouse-2017Int\landetxeak2.temp' is opened by 24444@DESKTOP-O2PB285

[2018-12-02 09:50:37 #2 store] 
Configuration path: C:\Users\iñigo\OneDrive\Workspace\RuralHouse-2017Int\libs\objectdb-2.7.6\objectdb.conf

[2018-12-02 09:52:09 #3 store] 
Database 'C:\Users\iñigo\OneDrive\RuralHouse-2017Int\landetxeak2.temp' is closed by 24444@DESKTOP-O2PB285

------------------------------------------------------------------------------------------------------------------------

[2018-12-02 09:52:41 #1 store] 
Database 'C:\Users\iñigo\OneDrive\RuralHouse-2017Int\landetxeak2.temp' is opened by 25788@DESKTOP-O2PB285

[2018-12-02 09:52:41 #2 store] 
Configuration path: C:\Users\iñigo\OneDrive\Workspace\RuralHouse-2017Int\libs\objectdb-2.7.6\objectdb.conf

[2018-12-02 09:52:56 #3 store] 
Database 'C:\Users\iñigo\OneDrive\RuralHouse-2017Int\landetxeak2.temp' is closed by 25788@DESKTOP-O2PB285

------------------------------------------------------------------------------------------------------------------------

[2018-12-02 09:53:45 #1 store] 
Database 'C:\Users\iñigo\OneDrive\RuralHouse-2017Int\landetxeak2.temp' is opened by 16072@DESKTOP-O2PB285

[2018-12-02 09:53:45 #2 store] 
Configuration path: C:\Users\iñigo\OneDrive\Workspace\RuralHouse-2017Int\libs\objectdb-2.7.6\objectdb.conf

[2018-12-02 09:54:23 #3 store] 
Database 'C:\Users\iñigo\OneDrive\RuralHouse-2017Int\landetxeak2.temp' is closed by 16072@DESKTOP-O2PB285

------------------------------------------------------------------------------------------------------------------------

[2018-12-02 09:55:00 #1 store] 
Database 'C:\Users\iñigo\OneDrive\RuralHouse-2017Int\landetxeak2.temp' is opened by 22988@DESKTOP-O2PB285

[2018-12-02 09:55:00 #2 store] 
Configuration path: C:\Users\iñigo\OneDrive\Workspace\RuralHouse-2017Int\libs\objectdb-2.7.6\objectdb.conf

[2018-12-02 09:55:35 #3 store] 
Database 'C:\Users\iñigo\OneDrive\RuralHouse-2017Int\landetxeak2.temp' is closed by 22988@DESKTOP-O2PB285

------------------------------------------------------------------------------------------------------------------------

[2018-12-02 10:01:25 #1 store] 
Database 'C:\Users\iñigo\OneDrive\Workspace\RuralHouse-2017Int\landetxeak2.temp' is opened by 26024@DESKTOP-O2PB285

[2018-12-02 10:01:25 #2 store] 
Configuration path: C:\Users\iñigo\OneDrive\Workspace\RuralHouse-2017Int\libs\objectdb-2.7.6\objectdb.conf

[2018-12-02 10:01:38 #3 store] 
Database 'C:\Users\iñigo\OneDrive\Workspace\RuralHouse-2017Int\landetxeak2.temp' is closed by 26024@DESKTOP-O2PB285

------------------------------------------------------------------------------------------------------------------------

[2018-12-02 10:04:31 #1 store] 
Database 'C:\Users\iñigo\OneDrive\Workspace\RuralHouse-2017Int\landetxeak2.temp' has been recovered (tr. 6-47)

[2018-12-02 10:04:31 #2 store] 
Database 'C:\Users\iñigo\OneDrive\Workspace\RuralHouse-2017Int\landetxeak2.temp' is opened by 5140@DESKTOP-O2PB285

[2018-12-02 10:04:31 #3 store] 
Configuration path: C:\Users\iñigo\OneDrive\Workspace\RuralHouse-2017Int\libs\objectdb-2.7.6\objectdb.conf

[2018-12-02 10:04:42 #4 type.registry] 
New type java.lang.Object[]

[2018-12-02 10:05:13 #5 store] 
Database 'C:\Users\iñigo\OneDrive\Workspace\RuralHouse-2017Int\landetxeak2.temp' is closed by 5140@DESKTOP-O2PB285

------------------------------------------------------------------------------------------------------------------------

[2018-12-02 10:12:34 #1 store] 
Database 'C:\Users\iñigo\OneDrive\Workspace\RuralHouse-2017Int\landetxeak2.temp' has been recovered (tr. 61-82)

[2018-12-02 10:12:34 #2 store] 
Database 'C:\Users\iñigo\OneDrive\Workspace\RuralHouse-2017Int\landetxeak2.temp' is opened by 11744@DESKTOP-O2PB285

[2018-12-02 10:12:34 #3 store] 
Configuration path: C:\Users\iñigo\OneDrive\Workspace\RuralHouse-2017Int\libs\objectdb-2.7.6\objectdb.conf

[2018-12-02 10:13:00 #4 store] 
Database 'C:\Users\iñigo\OneDrive\Workspace\RuralHouse-2017Int\landetxeak2.temp' is closed by 11744@DESKTOP-O2PB285

------------------------------------------------------------------------------------------------------------------------

[2018-12-02 11:54:02 #1 store] 
Database 'C:\Users\iñigo\OneDrive\Workspace\RuralHouse-2017Int\landetxeak2.temp' is opened by 32676@DESKTOP-O2PB285

[2018-12-02 11:54:02 #2 store] 
Configuration path: C:\Users\iñigo\OneDrive\Workspace\RuralHouse-2017Int\libs\objectdb-2.7.6\objectdb.conf

[2018-12-02 11:54:11 #3 store] 
Database 'C:\Users\iñigo\OneDrive\Workspace\RuralHouse-2017Int\landetxeak2.temp' is closed by 32676@DESKTOP-O2PB285

------------------------------------------------------------------------------------------------------------------------

[2018-12-02 12:30:42 #1 store] 
Database 'C:\Users\iñigo\OneDrive\Workspace\RuralHouse-2017Int\landetxeak2.temp' has been recovered (tr. 85-105)

[2018-12-02 12:30:42 #2 store] 
Database 'C:\Users\iñigo\OneDrive\Workspace\RuralHouse-2017Int\landetxeak2.temp' is opened by 11948@DESKTOP-O2PB285

[2018-12-02 12:30:42 #3 store] 
Configuration path: C:\Users\iñigo\OneDrive\Workspace\RuralHouse-2017Int\libs\objectdb-2.7.6\objectdb.conf

[2018-12-02 12:30:49 #4 store] 
Database 'C:\Users\iñigo\OneDrive\Workspace\RuralHouse-2017Int\landetxeak2.temp' is closed by 11948@DESKTOP-O2PB285

------------------------------------------------------------------------------------------------------------------------

[2018-12-02 12:31:28 #1 store] 
Database 'C:\Users\iñigo\OneDrive\Workspace\RuralHouse-2017Int\landetxeak2.temp' is opened by 23004@DESKTOP-O2PB285

[2018-12-02 12:31:28 #2 store] 
Configuration path: C:\Users\iñigo\OneDrive\Workspace\RuralHouse-2017Int\libs\objectdb-2.7.6\objectdb.conf

[2018-12-02 12:31:50 #3 store] 
Database 'C:\Users\iñigo\OneDrive\Workspace\RuralHouse-2017Int\landetxeak2.temp' is closed by 23004@DESKTOP-O2PB285

------------------------------------------------------------------------------------------------------------------------

[2018-12-02 13:02:34 #1 store] 
Database 'C:\Users\iñigo\OneDrive\Workspace\RuralHouse-2017Int\landetxeak2.temp' has been recovered (tr. 37-39)

[2018-12-02 13:02:34 #2 store] 
Database 'C:\Users\iñigo\OneDrive\Workspace\RuralHouse-2017Int\landetxeak2.temp' is opened by 31356@DESKTOP-O2PB285

[2018-12-02 13:02:34 #3 store] 
Configuration path: C:\Users\iñigo\OneDrive\Workspace\RuralHouse-2017Int\libs\objectdb-2.7.6\objectdb.conf

[2018-12-02 13:02:52 #4 store] 
Database 'C:\Users\iñigo\OneDrive\Workspace\RuralHouse-2017Int\landetxeak2.temp' is closed by 31356@DESKTOP-O2PB285

------------------------------------------------------------------------------------------------------------------------

[2018-12-02 13:04:10 #1 store] 
Database 'C:\Users\iñigo\OneDrive\Workspace\RuralHouse-2017Int\landetxeak2.temp' is opened by 32852@DESKTOP-O2PB285

[2018-12-02 13:04:10 #2 store] 
Configuration path: C:\Users\iñigo\OneDrive\Workspace\RuralHouse-2017Int\libs\objectdb-2.7.6\objectdb.conf

[2018-12-02 13:04:23 #3 store] 
Database 'C:\Users\iñigo\OneDrive\Workspace\RuralHouse-2017Int\landetxeak2.temp' is closed by 32852@DESKTOP-O2PB285

------------------------------------------------------------------------------------------------------------------------

[2018-12-02 13:17:47 #1 store] 
Database 'C:\Users\iñigo\OneDrive\Workspace\RuralHouse-2017Int\landetxeak2.temp' has been recovered (tr. 112-133)

[2018-12-02 13:17:47 #2 store] 
Database 'C:\Users\iñigo\OneDrive\Workspace\RuralHouse-2017Int\landetxeak2.temp' is opened by 7976@DESKTOP-O2PB285

[2018-12-02 13:17:47 #3 store] 
Configuration path: C:\Users\iñigo\OneDrive\Workspace\RuralHouse-2017Int\libs\objectdb-2.7.6\objectdb.conf

[2018-12-02 13:17:58 #4 store] 
Database 'C:\Users\iñigo\OneDrive\Workspace\RuralHouse-2017Int\landetxeak2.temp' is closed by 7976@DESKTOP-O2PB285

