------------------------------------------------------------------------------------------------------------------------

[2018-12-01 20:50:51 #1 store] 
Database 'C:\Users\iñigo\OneDrive\Workspace\RuralHouse-2017Int\landetxeak2.temp' is opened by 30048@DESKTOP-O2PB285

[2018-12-01 20:50:51 #2 store] 
Configuration path: C:\Users\iñigo\OneDrive\Workspace\RuralHouse-2017Int\libs\objectdb-2.7.6\objectdb.conf

[2018-12-01 20:51:39 #3 store] 
Database 'C:\Users\iñigo\OneDrive\Workspace\RuralHouse-2017Int\landetxeak2.temp' is closed by 30048@DESKTOP-O2PB285

------------------------------------------------------------------------------------------------------------------------

[2018-12-01 20:54:47 #1 store] 
Database 'C:\Users\iñigo\OneDrive\Workspace\RuralHouse-2017Int\landetxeak2.temp' is opened by 30536@DESKTOP-O2PB285

[2018-12-01 20:54:47 #2 store] 
Configuration path: C:\Users\iñigo\OneDrive\Workspace\RuralHouse-2017Int\libs\objectdb-2.7.6\objectdb.conf

[2018-12-01 20:54:56 #3 store] 
Database 'C:\Users\iñigo\OneDrive\Workspace\RuralHouse-2017Int\landetxeak2.temp' is closed by 30536@DESKTOP-O2PB285

------------------------------------------------------------------------------------------------------------------------

[2018-12-01 20:56:42 #1 store] 
Database 'C:\Users\iñigo\OneDrive\Workspace\RuralHouse-2017Int\landetxeak2.temp' is opened by 16292@DESKTOP-O2PB285

[2018-12-01 20:56:42 #2 store] 
Configuration path: C:\Users\iñigo\OneDrive\Workspace\RuralHouse-2017Int\libs\objectdb-2.7.6\objectdb.conf

[2018-12-01 20:56:56 #3 store] 
Database 'C:\Users\iñigo\OneDrive\Workspace\RuralHouse-2017Int\landetxeak2.temp' is closed by 16292@DESKTOP-O2PB285

------------------------------------------------------------------------------------------------------------------------

[2018-12-01 20:57:13 #1 store] 
Database 'C:\Users\iñigo\OneDrive\Workspace\RuralHouse-2017Int\landetxeak2.temp' is opened by 9848@DESKTOP-O2PB285

[2018-12-01 20:57:13 #2 store] 
Configuration path: C:\Users\iñigo\OneDrive\Workspace\RuralHouse-2017Int\libs\objectdb-2.7.6\objectdb.conf

[2018-12-01 20:57:29 #3 store] 
Database 'C:\Users\iñigo\OneDrive\Workspace\RuralHouse-2017Int\landetxeak2.temp' is closed by 9848@DESKTOP-O2PB285

------------------------------------------------------------------------------------------------------------------------

[2018-12-01 20:57:40 #1 store] 
Database 'C:\Users\iñigo\OneDrive\Workspace\RuralHouse-2017Int\landetxeak2.temp' has been recovered (tr. 175-189)

[2018-12-01 20:57:40 #2 store] 
Database 'C:\Users\iñigo\OneDrive\Workspace\RuralHouse-2017Int\landetxeak2.temp' is opened by 24608@DESKTOP-O2PB285

[2018-12-01 20:57:40 #3 store] 
Configuration path: C:\Users\iñigo\OneDrive\Workspace\RuralHouse-2017Int\libs\objectdb-2.7.6\objectdb.conf

[2018-12-01 20:57:48 #4 store] 
Database 'C:\Users\iñigo\OneDrive\Workspace\RuralHouse-2017Int\landetxeak2.temp' is closed by 24608@DESKTOP-O2PB285

------------------------------------------------------------------------------------------------------------------------

[2018-12-01 20:58:39 #1 store] 
Database 'C:\Users\iñigo\OneDrive\Workspace\RuralHouse-2017Int\landetxeak2.temp' has been recovered (tr. 192-206)

[2018-12-01 20:58:39 #2 store] 
Database 'C:\Users\iñigo\OneDrive\Workspace\RuralHouse-2017Int\landetxeak2.temp' is opened by 11800@DESKTOP-O2PB285

[2018-12-01 20:58:39 #3 store] 
Configuration path: C:\Users\iñigo\OneDrive\Workspace\RuralHouse-2017Int\libs\objectdb-2.7.6\objectdb.conf

[2018-12-01 20:58:48 #4 store] 
Database 'C:\Users\iñigo\OneDrive\Workspace\RuralHouse-2017Int\landetxeak2.temp' is closed by 11800@DESKTOP-O2PB285

------------------------------------------------------------------------------------------------------------------------

[2018-12-01 21:01:22 #1 store] 
Database 'C:\Users\iñigo\OneDrive\Workspace\RuralHouse-2017Int\landetxeak2.temp' has been recovered (tr. 209-228)

[2018-12-01 21:01:22 #2 store] 
Database 'C:\Users\iñigo\OneDrive\Workspace\RuralHouse-2017Int\landetxeak2.temp' is opened by 28296@DESKTOP-O2PB285

[2018-12-01 21:01:22 #3 store] 
Configuration path: C:\Users\iñigo\OneDrive\Workspace\RuralHouse-2017Int\libs\objectdb-2.7.6\objectdb.conf

[2018-12-01 21:01:43 #4 store] 
Database 'C:\Users\iñigo\OneDrive\Workspace\RuralHouse-2017Int\landetxeak2.temp' is closed by 28296@DESKTOP-O2PB285

------------------------------------------------------------------------------------------------------------------------

[2018-12-01 21:14:11 #1 store] 
Database 'C:\Users\iñigo\OneDrive\Workspace\RuralHouse-2017Int\landetxeak2.temp' is opened by 12372@DESKTOP-O2PB285

[2018-12-01 21:14:11 #2 store] 
Configuration path: C:\Users\iñigo\OneDrive\Workspace\RuralHouse-2017Int\libs\objectdb-2.7.6\objectdb.conf

[2018-12-01 21:14:29 #3 store] 
Database 'C:\Users\iñigo\OneDrive\Workspace\RuralHouse-2017Int\landetxeak2.temp' is closed by 12372@DESKTOP-O2PB285

------------------------------------------------------------------------------------------------------------------------

[2018-12-01 21:18:38 #1 store] 
Database 'C:\Users\iñigo\OneDrive\Workspace\RuralHouse-2017Int\landetxeak2.temp' is opened by 27736@DESKTOP-O2PB285

[2018-12-01 21:18:38 #2 store] 
Configuration path: C:\Users\iñigo\OneDrive\Workspace\RuralHouse-2017Int\libs\objectdb-2.7.6\objectdb.conf

[2018-12-01 21:19:54 #3 store] 
Database 'C:\Users\iñigo\OneDrive\Workspace\RuralHouse-2017Int\landetxeak2.temp' is closed by 27736@DESKTOP-O2PB285

------------------------------------------------------------------------------------------------------------------------

[2018-12-01 21:26:10 #1 store] 
Database 'C:\Users\iñigo\OneDrive\Workspace\RuralHouse-2017Int\landetxeak2.temp' has been recovered (tr. 1-5)

[2018-12-01 21:26:10 #2 store] 
Database 'C:\Users\iñigo\OneDrive\Workspace\RuralHouse-2017Int\landetxeak2.temp' is opened by 31140@DESKTOP-O2PB285

[2018-12-01 21:26:10 #3 store] 
Configuration path: C:\Users\iñigo\OneDrive\Workspace\RuralHouse-2017Int\libs\objectdb-2.7.6\objectdb.conf

[2018-12-01 21:26:17 #4 store] 
Database 'C:\Users\iñigo\OneDrive\Workspace\RuralHouse-2017Int\landetxeak2.temp' is closed by 31140@DESKTOP-O2PB285

------------------------------------------------------------------------------------------------------------------------

[2018-12-01 21:26:32 #1 store] 
Database 'C:\Users\iñigo\OneDrive\Workspace\RuralHouse-2017Int\landetxeak2.temp' is opened by 31328@DESKTOP-O2PB285

[2018-12-01 21:26:32 #2 store] 
Configuration path: C:\Users\iñigo\OneDrive\Workspace\RuralHouse-2017Int\libs\objectdb-2.7.6\objectdb.conf

[2018-12-01 21:26:38 #3 store] 
Database 'C:\Users\iñigo\OneDrive\Workspace\RuralHouse-2017Int\landetxeak2.temp' is closed by 31328@DESKTOP-O2PB285

