------------------------------------------------------------------------------------------------------------------------

[2018-12-02 09:43:58 #1 store] 
Database 'C:\Users\iñigo\OneDrive\Workspace\RuralHouse-2017Int\landetxeak2.temp' is opened by 19572@DESKTOP-O2PB285

[2018-12-02 09:43:58 #2 type] 
Type domain.RuralHouse is not enhanced.

[2018-12-02 09:43:58 #3 type] 
Type domain.Offer is not enhanced.

------------------------------------------------------------------------------------------------------------------------

[2018-12-02 09:44:48 #1 store] 
Database 'C:\Users\iñigo\OneDrive\Workspace\RuralHouse-2017Int\landetxeak2.temp' is opened by 33640@DESKTOP-O2PB285

[2018-12-02 09:44:48 #2 type] 
Type domain.RuralHouse is not enhanced.

[2018-12-02 09:44:48 #3 type] 
Type domain.Offer is not enhanced.

------------------------------------------------------------------------------------------------------------------------

[2018-12-02 09:47:09 #1 store] 
Database 'C:\Users\iñigo\OneDrive\Workspace\RuralHouse-2017Int\landetxeak2.temp' is opened by 32680@DESKTOP-O2PB285

[2018-12-02 09:47:09 #2 type.registry] 
New type domain.RuralHouse

[2018-12-02 09:47:09 #3 type] 
Type domain.RuralHouse is not enhanced.

[2018-12-02 09:47:09 #4 type.registry] 
New type domain.Offer

[2018-12-02 09:47:09 #5 type.registry] 
New type java.util.Vector<domain.Offer>

[2018-12-02 09:47:09 #6 type] 
Type domain.Offer is not enhanced.

[2018-12-02 09:47:09 #7 type.registry] 
New type java.util.Vector<java.lang.Object>

------------------------------------------------------------------------------------------------------------------------

[2018-12-02 09:47:25 #1 store] 
Database 'C:\Users\iñigo\OneDrive\Workspace\RuralHouse-2017Int\landetxeak2.temp' is opened by 8556@DESKTOP-O2PB285

[2018-12-02 09:47:25 #2 type.registry] 
New type domain.RuralHouse

[2018-12-02 09:47:25 #3 type] 
Type domain.RuralHouse is not enhanced.

[2018-12-02 09:47:25 #4 type.registry] 
New type domain.Offer

[2018-12-02 09:47:25 #5 type.registry] 
New type java.util.Vector<domain.Offer>

[2018-12-02 09:47:25 #6 type] 
Type domain.Offer is not enhanced.

[2018-12-02 09:47:25 #7 type.registry] 
New type java.util.Vector<java.lang.Object>

------------------------------------------------------------------------------------------------------------------------

[2018-12-02 09:49:00 #1 store] 
Database 'C:\Users\iñigo\OneDrive\Workspace\RuralHouse-2017Int\landetxeak2.temp' has been recovered (tr. 1-5)

[2018-12-02 09:49:00 #2 store] 
Database 'C:\Users\iñigo\OneDrive\Workspace\RuralHouse-2017Int\landetxeak2.temp' is opened by 13148@DESKTOP-O2PB285

[2018-12-02 09:49:00 #3 type] 
Type domain.RuralHouse is not enhanced.

[2018-12-02 09:49:00 #4 type] 
Type domain.Offer is not enhanced.

------------------------------------------------------------------------------------------------------------------------

[2018-12-02 09:49:46 #1 store] 
Database 'C:\Users\iñigo\OneDrive\Workspace\RuralHouse-2017Int\landetxeak2.temp' is opened by 26288@DESKTOP-O2PB285

[2018-12-02 09:49:46 #2 type] 
Type domain.RuralHouse is not enhanced.

[2018-12-02 09:49:46 #3 type] 
Type domain.Offer is not enhanced.

------------------------------------------------------------------------------------------------------------------------

[2018-12-02 09:51:38 #1 store] 
Database 'C:\Users\iñigo\OneDrive\Workspace\RuralHouse-2017Int\landetxeak2.temp' is opened by 29292@DESKTOP-O2PB285

[2018-12-02 09:51:38 #2 type] 
Type domain.RuralHouse is not enhanced.

[2018-12-02 09:51:38 #3 type] 
Type domain.Offer is not enhanced.

------------------------------------------------------------------------------------------------------------------------

[2018-12-02 09:52:14 #1 store] 
Database 'C:\Users\iñigo\OneDrive\Workspace\RuralHouse-2017Int\landetxeak2.temp' is opened by 30376@DESKTOP-O2PB285

[2018-12-02 09:52:15 #2 type] 
Type domain.RuralHouse is not enhanced.

[2018-12-02 09:52:15 #3 type] 
Type domain.Offer is not enhanced.

------------------------------------------------------------------------------------------------------------------------

[2018-12-02 09:52:26 #1 store] 
Database 'C:\Users\iñigo\OneDrive\Workspace\RuralHouse-2017Int\landetxeak2.temp' is opened by 33276@DESKTOP-O2PB285

[2018-12-02 09:52:26 #2 type] 
Type domain.RuralHouse is not enhanced.

[2018-12-02 09:52:26 #3 type] 
Type domain.Offer is not enhanced.

------------------------------------------------------------------------------------------------------------------------

[2018-12-02 09:53:16 #1 store] 
Database 'C:\Users\iñigo\OneDrive\Workspace\RuralHouse-2017Int\landetxeak2.temp' is opened by 31052@DESKTOP-O2PB285

[2018-12-02 09:53:16 #2 type] 
Type domain.RuralHouse is not enhanced.

[2018-12-02 09:53:16 #3 type] 
Type domain.Offer is not enhanced.

------------------------------------------------------------------------------------------------------------------------

[2018-12-02 09:53:41 #1 store] 
Database 'C:\Users\iñigo\OneDrive\Workspace\RuralHouse-2017Int\landetxeak2.temp' is opened by 32696@DESKTOP-O2PB285

[2018-12-02 09:53:41 #2 type] 
Type domain.RuralHouse is not enhanced.

[2018-12-02 09:53:41 #3 type] 
Type domain.Offer is not enhanced.

------------------------------------------------------------------------------------------------------------------------

[2018-12-02 09:54:41 #1 store] 
Database 'C:\Users\iñigo\OneDrive\Workspace\RuralHouse-2017Int\landetxeak2.temp' is opened by 17428@DESKTOP-O2PB285

[2018-12-02 09:54:41 #2 type] 
Type domain.RuralHouse is not enhanced.

[2018-12-02 09:54:41 #3 type] 
Type domain.Offer is not enhanced.

------------------------------------------------------------------------------------------------------------------------

[2018-12-02 09:54:50 #1 store] 
Database 'C:\Users\iñigo\OneDrive\Workspace\RuralHouse-2017Int\landetxeak2.temp' is opened by 14244@DESKTOP-O2PB285

[2018-12-02 09:54:50 #2 type] 
Type domain.RuralHouse is not enhanced.

[2018-12-02 09:54:50 #3 type] 
Type domain.Offer is not enhanced.

------------------------------------------------------------------------------------------------------------------------

[2018-12-02 09:56:47 #1 store] 
Database 'C:\Users\iñigo\OneDrive\Workspace\RuralHouse-2017Int\landetxeak2.temp' is opened by 24784@DESKTOP-O2PB285

[2018-12-02 09:56:47 #2 type.registry] 
New type domain.RuralHouse

[2018-12-02 09:56:47 #3 type] 
Type domain.RuralHouse is not enhanced.

[2018-12-02 09:56:47 #4 type.registry] 
New type domain.Offer

[2018-12-02 09:56:47 #5 type.registry] 
New type java.util.Vector<domain.Offer>

[2018-12-02 09:56:47 #6 type] 
Type domain.Offer is not enhanced.

[2018-12-02 09:56:47 #7 type.registry] 
New type java.util.Vector<java.lang.Object>

------------------------------------------------------------------------------------------------------------------------

[2018-12-02 09:58:02 #1 store] 
Database 'C:\Users\iñigo\OneDrive\Workspace\RuralHouse-2017Int\landetxeak2.temp' is opened by 27748@DESKTOP-O2PB285

[2018-12-02 09:58:02 #2 type.registry] 
New type domain.RuralHouse

[2018-12-02 09:58:02 #3 type] 
Type domain.RuralHouse is not enhanced.

[2018-12-02 09:58:02 #4 type.registry] 
New type domain.Offer

[2018-12-02 09:58:02 #5 type.registry] 
New type java.util.Vector<domain.Offer>

[2018-12-02 09:58:02 #6 type] 
Type domain.Offer is not enhanced.

[2018-12-02 09:58:02 #7 type.registry] 
New type java.util.Vector<java.lang.Object>

------------------------------------------------------------------------------------------------------------------------

[2018-12-02 09:59:25 #1 store] 
Database 'C:\Users\iñigo\OneDrive\Workspace\RuralHouse-2017Int\landetxeak2.temp' is opened by 900@DESKTOP-O2PB285

[2018-12-02 09:59:26 #2 type.registry] 
New type domain.RuralHouse

[2018-12-02 09:59:26 #3 type] 
Type domain.RuralHouse is not enhanced.

[2018-12-02 09:59:26 #4 type.registry] 
New type domain.Offer

[2018-12-02 09:59:26 #5 type.registry] 
New type java.util.Vector<domain.Offer>

[2018-12-02 09:59:26 #6 type] 
Type domain.Offer is not enhanced.

[2018-12-02 09:59:26 #7 type.registry] 
New type java.util.Vector<java.lang.Object>

------------------------------------------------------------------------------------------------------------------------

[2018-12-02 10:00:32 #1 store] 
Database 'C:\Users\iñigo\OneDrive\Workspace\RuralHouse-2017Int\landetxeak2.temp' has been recovered (tr. 1-5)

[2018-12-02 10:00:32 #2 store] 
Database 'C:\Users\iñigo\OneDrive\Workspace\RuralHouse-2017Int\landetxeak2.temp' is opened by 30700@DESKTOP-O2PB285

[2018-12-02 10:00:32 #3 type] 
Type domain.RuralHouse is not enhanced.

[2018-12-02 10:00:32 #4 type] 
Type domain.Offer is not enhanced.

------------------------------------------------------------------------------------------------------------------------

[2018-12-02 10:04:07 #1 store] 
Database 'C:\Users\iñigo\OneDrive\Workspace\RuralHouse-2017Int\landetxeak2.temp' is opened by 19248@DESKTOP-O2PB285

[2018-12-02 10:04:07 #2 type] 
Type domain.RuralHouse is not enhanced.

[2018-12-02 10:04:07 #3 type] 
Type domain.Offer is not enhanced.

------------------------------------------------------------------------------------------------------------------------

[2018-12-02 10:06:12 #1 store] 
Database 'C:\Users\iñigo\OneDrive\Workspace\RuralHouse-2017Int\landetxeak2.temp' is opened by 2924@DESKTOP-O2PB285

[2018-12-02 10:06:12 #2 type] 
Type domain.RuralHouse is not enhanced.

[2018-12-02 10:06:12 #3 type] 
Type domain.Offer is not enhanced.

------------------------------------------------------------------------------------------------------------------------

[2018-12-02 10:10:52 #1 store] 
Database 'C:\Users\iñigo\OneDrive\Workspace\RuralHouse-2017Int\landetxeak2.temp' is opened by 16028@DESKTOP-O2PB285

[2018-12-02 10:10:52 #2 type] 
Type domain.RuralHouse is not enhanced.

[2018-12-02 10:10:52 #3 type] 
Type domain.Offer is not enhanced.

------------------------------------------------------------------------------------------------------------------------

[2018-12-02 12:15:20 #1 store] 
Database 'C:\Users\iñigo\OneDrive\Workspace\RuralHouse-2017Int\landetxeak2.temp' is opened by 25964@DESKTOP-O2PB285

[2018-12-02 12:15:21 #2 type] 
Type domain.RuralHouse is not enhanced.

[2018-12-02 12:15:21 #3 type] 
Type domain.Offer is not enhanced.

------------------------------------------------------------------------------------------------------------------------

[2018-12-02 12:31:02 #1 store] 
Database 'C:\Users\iñigo\OneDrive\Workspace\RuralHouse-2017Int\landetxeak2.temp' is opened by 33652@DESKTOP-O2PB285

[2018-12-02 12:31:02 #2 type] 
Type domain.RuralHouse is not enhanced.

[2018-12-02 12:31:02 #3 type] 
Type domain.Offer is not enhanced.

------------------------------------------------------------------------------------------------------------------------

[2018-12-02 12:31:17 #1 store] 
Database 'C:\Users\iñigo\OneDrive\Workspace\RuralHouse-2017Int\landetxeak2.temp' is opened by 31852@DESKTOP-O2PB285

[2018-12-02 12:31:17 #2 type] 
Type domain.RuralHouse is not enhanced.

[2018-12-02 12:31:17 #3 type] 
Type domain.Offer is not enhanced.

------------------------------------------------------------------------------------------------------------------------

[2018-12-02 12:34:29 #1 store] 
Database 'C:\Users\iñigo\OneDrive\Workspace\RuralHouse-2017Int\landetxeak2.temp' is opened by 29144@DESKTOP-O2PB285

[2018-12-02 12:34:30 #2 type.registry] 
New type domain.RuralHouse

[2018-12-02 12:34:30 #3 type] 
Type domain.RuralHouse is not enhanced.

[2018-12-02 12:34:30 #4 type.registry] 
New type domain.Offer

[2018-12-02 12:34:30 #5 type.registry] 
New type java.util.Vector<domain.Offer>

[2018-12-02 12:34:30 #6 type] 
Type domain.Offer is not enhanced.

[2018-12-02 12:34:30 #7 type.registry] 
New type java.util.Vector<java.lang.Object>

------------------------------------------------------------------------------------------------------------------------

[2018-12-02 12:34:57 #1 store] 
Database 'C:\Users\iñigo\OneDrive\Workspace\RuralHouse-2017Int\landetxeak2.temp' has been recovered (tr. 1-5)

[2018-12-02 12:34:57 #2 store] 
Database 'C:\Users\iñigo\OneDrive\Workspace\RuralHouse-2017Int\landetxeak2.temp' is opened by 13184@DESKTOP-O2PB285

[2018-12-02 12:34:57 #3 type] 
Type domain.RuralHouse is not enhanced.

[2018-12-02 12:34:57 #4 type] 
Type domain.Offer is not enhanced.

------------------------------------------------------------------------------------------------------------------------

[2018-12-02 12:53:25 #1 store] 
Database 'C:\Users\iñigo\OneDrive\Workspace\RuralHouse-2017Int\landetxeak2.temp' has been recovered (tr. 6-27)

[2018-12-02 12:53:25 #2 store] 
Database 'C:\Users\iñigo\OneDrive\Workspace\RuralHouse-2017Int\landetxeak2.temp' is opened by 32096@DESKTOP-O2PB285

[2018-12-02 12:53:25 #3 type] 
Type domain.RuralHouse is not enhanced.

[2018-12-02 12:53:25 #4 type] 
Type domain.Offer is not enhanced.

------------------------------------------------------------------------------------------------------------------------

[2018-12-02 13:00:25 #1 store] 
Database 'C:\Users\iñigo\OneDrive\Workspace\RuralHouse-2017Int\landetxeak2.temp' has been recovered (tr. 28-30)

[2018-12-02 13:00:25 #2 store] 
Database 'C:\Users\iñigo\OneDrive\Workspace\RuralHouse-2017Int\landetxeak2.temp' is opened by 19364@DESKTOP-O2PB285

[2018-12-02 13:00:25 #3 type] 
Type domain.RuralHouse is not enhanced.

[2018-12-02 13:00:25 #4 type] 
Type domain.Offer is not enhanced.

------------------------------------------------------------------------------------------------------------------------

[2018-12-02 13:02:09 #1 store] 
Database 'C:\Users\iñigo\OneDrive\Workspace\RuralHouse-2017Int\landetxeak2.temp' has been recovered (tr. 31-33)

[2018-12-02 13:02:09 #2 store] 
Database 'C:\Users\iñigo\OneDrive\Workspace\RuralHouse-2017Int\landetxeak2.temp' is opened by 20368@DESKTOP-O2PB285

[2018-12-02 13:02:09 #3 type] 
Type domain.RuralHouse is not enhanced.

[2018-12-02 13:02:09 #4 type] 
Type domain.Offer is not enhanced.

------------------------------------------------------------------------------------------------------------------------

[2018-12-02 13:02:16 #1 store] 
Database 'C:\Users\iñigo\OneDrive\Workspace\RuralHouse-2017Int\landetxeak2.temp' has been recovered (tr. 34-36)

[2018-12-02 13:02:17 #2 store] 
Database 'C:\Users\iñigo\OneDrive\Workspace\RuralHouse-2017Int\landetxeak2.temp' is opened by 8012@DESKTOP-O2PB285

[2018-12-02 13:02:17 #3 type] 
Type domain.RuralHouse is not enhanced.

[2018-12-02 13:02:17 #4 type] 
Type domain.Offer is not enhanced.

------------------------------------------------------------------------------------------------------------------------

[2018-12-02 13:04:33 #1 store] 
Database 'C:\Users\iñigo\OneDrive\Workspace\RuralHouse-2017Int\landetxeak2.temp' is opened by 1836@DESKTOP-O2PB285

[2018-12-02 13:04:34 #2 type] 
Type domain.RuralHouse is not enhanced.

[2018-12-02 13:04:34 #3 type] 
Type domain.Offer is not enhanced.

------------------------------------------------------------------------------------------------------------------------

[2018-12-02 13:10:10 #1 store] 
Database 'C:\Users\iñigo\OneDrive\Workspace\RuralHouse-2017Int\landetxeak2.temp' has been recovered (tr. 46-67)

[2018-12-02 13:10:10 #2 store] 
Database 'C:\Users\iñigo\OneDrive\Workspace\RuralHouse-2017Int\landetxeak2.temp' is opened by 12704@DESKTOP-O2PB285

[2018-12-02 13:10:10 #3 type] 
Type domain.RuralHouse is not enhanced.

[2018-12-02 13:10:10 #4 type] 
Type domain.Offer is not enhanced.

------------------------------------------------------------------------------------------------------------------------

[2018-12-02 13:10:28 #1 store] 
Database 'C:\Users\iñigo\OneDrive\Workspace\RuralHouse-2017Int\landetxeak2.temp' has been recovered (tr. 68-89)

[2018-12-02 13:10:28 #2 store] 
Database 'C:\Users\iñigo\OneDrive\Workspace\RuralHouse-2017Int\landetxeak2.temp' is opened by 24724@DESKTOP-O2PB285

[2018-12-02 13:10:28 #3 type] 
Type domain.RuralHouse is not enhanced.

[2018-12-02 13:10:28 #4 type] 
Type domain.Offer is not enhanced.

------------------------------------------------------------------------------------------------------------------------

[2018-12-02 13:11:45 #1 store] 
Database 'C:\Users\iñigo\OneDrive\Workspace\RuralHouse-2017Int\landetxeak2.temp' has been recovered (tr. 90-111)

[2018-12-02 13:11:45 #2 store] 
Database 'C:\Users\iñigo\OneDrive\Workspace\RuralHouse-2017Int\landetxeak2.temp' is opened by 32332@DESKTOP-O2PB285

[2018-12-02 13:11:45 #3 type] 
Type domain.RuralHouse is not enhanced.

[2018-12-02 13:11:45 #4 type] 
Type domain.Offer is not enhanced.

